<?xml version="1.0" encoding="UTF-8"?>
<testsuite xmlns:xsi="http://www.w3.org/2001/XMLSchema-instance" xsi:noNamespaceSchemaLocation="https://maven.apache.org/surefire/maven-surefire-plugin/xsd/surefire-test-report.xsd" version="3.0.1" name="com.example.api.ApiTest" time="3.257" tests="2" errors="0" skipped="0" failures="0">
  <properties>
[...]
</properties>
  <testcase name="postRequestTest" classname="com.example.api.ApiTest" time="3.109">
    <system-out><![CDATA[POST(Response Status):200
POST(Response Body):{"id":3,"msg":"Jersey"}
]]></system-out>
  </testcase>
  <testcase name="getRequestTest" classname="com.example.api.ApiTest" time="0.112">
    <system-out><![CDATA[GET(Response Status):200
GET(Response Body):[{"id":1,"msg":"JakartaEE"},{"id":2,"msg":"JAX-RS"},{"id":3,"msg":"Jersey"},{"id":4,"msg":"CDI"},{"id":5,"msg":"MyBatis"}]
]]></system-out>
  </testcase>
</testsuite>